<?xml version="1.0" encoding="utf-8" standalone="no"?>
<test-results xmlns:xsi="http://www.w3.org/2001/XMLSchema-instance" xsi:noNamespaceSchemaLocation="nunit_schema_2.5.xsd" name="Pester" total="53" errors="0" failures="4" not-run="0" inconclusive="0" ignored="0" skipped="0" invalid="0" date="2019-06-30" time="21:08:23">
  <environment user="Mercier" machine-name="TEMPLE-DU-POUF" cwd="C:\Github\DudDashboard" user-domain="TEMPLE-DU-POUF" platform="Microsoft Windows 10 Pro|C:\WINDOWS|\Device\Harddisk1\Partition4" nunit-version="2.5.8.0" os-version="10.0.17763" clr-version="4.0.30319.42000" />
  <culture-info current-culture="en-CA" current-uiculture="en-US" />
  <test-suite type="TestFixture" name="Pester" executed="True" result="Failure" success="False" time="15.698" asserts="0" description="Pester">
    <results>
      <test-suite type="TestFixture" name="C:\Github\DudDashboard\Tests\DUDDashboard.tests.ps1" executed="True" result="Failure" success="False" time="15.698" asserts="0" description="C:\Github\DudDashboard\Tests\DUDDashboard.tests.ps1">
        <results>
          <test-suite type="TestFixture" name="General project validation: DudDashboard" executed="True" result="Failure" success="False" time="15.6147" asserts="0" description="General project validation: DudDashboard">
            <results>
              <test-suite type="ParameterizedTest" name="General project validation: DudDashboard.Script &lt;file&gt; should be valid powershell" executed="True" result="Failure" success="False" time="8.2315" asserts="0" description="Script &lt;file&gt; should be valid powershell">
                <results>
                  <test-case description="Script C:\Github\DudDashboard\build\tmp-Classes.ps1 should be valid powershell" name="General project validation: DudDashboard.Script C:\Github\DudDashboard\build\tmp-Classes.ps1 should be valid powershell" time="0.209" asserts="0" success="False" result="Failure" executed="True">
                    <failure>
                      <message>Expected 0, but got 1.</message>
                      <stack-trace>at &lt;ScriptBlock&gt;, C:\Github\DudDashboard\Tests\DUDDashboard.tests.ps1: line 18
18:         $errors.Count | Should Be 0</stack-trace>
                    </failure>
                  </test-case>
                  <test-case description="Script C:\Github\DudDashboard\build\tmp-Internal.ps1 should be valid powershell" name="General project validation: DudDashboard.Script C:\Github\DudDashboard\build\tmp-Internal.ps1 should be valid powershell" time="0.1509" asserts="0" success="True" result="Success" executed="True" />
                  <test-case description="Script C:\Github\DudDashboard\build\tmp-Public.ps1 should be valid powershell" name="General project validation: DudDashboard.Script C:\Github\DudDashboard\build\tmp-Public.ps1 should be valid powershell" time="0.2104" asserts="0" success="True" result="Success" executed="True" />
                  <test-case description="Script C:\Github\DudDashboard\build\tmp-Types.ps1 should be valid powershell" name="General project validation: DudDashboard.Script C:\Github\DudDashboard\build\tmp-Types.ps1 should be valid powershell" time="0.1561" asserts="0" success="True" result="Success" executed="True" />
                  <test-case description="Script C:\Github\DudDashboard\Classes\DUDHotReloadPath.ps1 should be valid powershell" name="General project validation: DudDashboard.Script C:\Github\DudDashboard\Classes\DUDHotReloadPath.ps1 should be valid powershell" time="0.221" asserts="0" success="False" result="Failure" executed="True">
                    <failure>
                      <message>Expected 0, but got 2.</message>
                      <stack-trace>at &lt;ScriptBlock&gt;, C:\Github\DudDashboard\Tests\DUDDashboard.tests.ps1: line 18
18:         $errors.Count | Should Be 0</stack-trace>
                    </failure>
                  </test-case>
                  <test-case description="Script C:\Github\DudDashboard\Classes\DUDHotReloadPathItem.ps1 should be valid powershell" name="General project validation: DudDashboard.Script C:\Github\DudDashboard\Classes\DUDHotReloadPathItem.ps1 should be valid powershell" time="0.2061" asserts="0" success="False" result="Failure" executed="True">
                    <failure>
                      <message>Expected 0, but got 1.</message>
                      <stack-trace>at &lt;ScriptBlock&gt;, C:\Github\DudDashboard\Tests\DUDDashboard.tests.ps1: line 18
18:         $errors.Count | Should Be 0</stack-trace>
                    </failure>
                  </test-case>
                  <test-case description="Script C:\Github\DudDashboard\Internal\Get-DUDEndpoints.ps1 should be valid powershell" name="General project validation: DudDashboard.Script C:\Github\DudDashboard\Internal\Get-DUDEndpoints.ps1 should be valid powershell" time="0.1416" asserts="0" success="True" result="Success" executed="True" />
                  <test-case description="Script C:\Github\DudDashboard\Internal\Get-DUDFolders.ps1 should be valid powershell" name="General project validation: DudDashboard.Script C:\Github\DudDashboard\Internal\Get-DUDFolders.ps1 should be valid powershell" time="0.1562" asserts="0" success="True" result="Success" executed="True" />
                  <test-case description="Script C:\Github\DudDashboard\Internal\Start-DUDFilewatcher.ps1 should be valid powershell" name="General project validation: DudDashboard.Script C:\Github\DudDashboard\Internal\Start-DUDFilewatcher.ps1 should be valid powershell" time="0.1467" asserts="0" success="True" result="Success" executed="True" />
                  <test-case description="Script C:\Github\DudDashboard\Output\DudDashboard\Template\Data\Demo\Home.ps1 should be valid powershell" name="General project validation: DudDashboard.Script C:\Github\DudDashboard\Output\DudDashboard\Template\Data\Demo\Home.ps1 should be valid powershell" time="0.1487" asserts="0" success="True" result="Success" executed="True" />
                  <test-case description="Script C:\Github\DudDashboard\Output\DudDashboard\Template\Data\Main\Home.ps1 should be valid powershell" name="General project validation: DudDashboard.Script C:\Github\DudDashboard\Output\DudDashboard\Template\Data\Main\Home.ps1 should be valid powershell" time="0.147" asserts="0" success="True" result="Success" executed="True" />
                  <test-case description="Script C:\Github\DudDashboard\Output\DudDashboard\Template\Endpoints\Welcome.ps1 should be valid powershell" name="General project validation: DudDashboard.Script C:\Github\DudDashboard\Output\DudDashboard\Template\Endpoints\Welcome.ps1 should be valid powershell" time="0.1458" asserts="0" success="True" result="Success" executed="True" />
                  <test-case description="Script C:\Github\DudDashboard\Output\DudDashboard\Template\Functions\New-UDElementExample.ps1 should be valid powershell" name="General project validation: DudDashboard.Script C:\Github\DudDashboard\Output\DudDashboard\Template\Functions\New-UDElementExample.ps1 should be valid powershell" time="0.1461" asserts="0" success="True" result="Success" executed="True" />
                  <test-case description="Script C:\Github\DudDashboard\Output\DudDashboard\Template\Pages\0. Home.ps1 should be valid powershell" name="General project validation: DudDashboard.Script C:\Github\DudDashboard\Output\DudDashboard\Template\Pages\0. Home.ps1 should be valid powershell" time="0.1435" asserts="0" success="True" result="Success" executed="True" />
                  <test-case description="Script C:\Github\DudDashboard\Output\DudDashboard\Template\Pages\Doc_Params.ps1 should be valid powershell" name="General project validation: DudDashboard.Script C:\Github\DudDashboard\Output\DudDashboard\Template\Pages\Doc_Params.ps1 should be valid powershell" time="0.144" asserts="0" success="True" result="Success" executed="True" />
                  <test-case description="Script C:\Github\DudDashboard\Output\DudDashboard\Template\root\dashboard.ps1 should be valid powershell" name="General project validation: DudDashboard.Script C:\Github\DudDashboard\Output\DudDashboard\Template\root\dashboard.ps1 should be valid powershell" time="0.1476" asserts="0" success="True" result="Success" executed="True" />
                  <test-case description="Script C:\Github\DudDashboard\Output\DudDashboard\Template\root\Start-Watch.ps1 should be valid powershell" name="General project validation: DudDashboard.Script C:\Github\DudDashboard\Output\DudDashboard\Template\root\Start-Watch.ps1 should be valid powershell" time="0.1484" asserts="0" success="True" result="Success" executed="True" />
                  <test-case description="Script C:\Github\DudDashboard\Output\DudDashboard\Template\root.ps1 should be valid powershell" name="General project validation: DudDashboard.Script C:\Github\DudDashboard\Output\DudDashboard\Template\root.ps1 should be valid powershell" time="0.1479" asserts="0" success="True" result="Success" executed="True" />
                  <test-case description="Script C:\Github\DudDashboard\Output\DudDashboard\Template\Theme.ps1 should be valid powershell" name="General project validation: DudDashboard.Script C:\Github\DudDashboard\Output\DudDashboard\Template\Theme.ps1 should be valid powershell" time="0.1451" asserts="0" success="True" result="Success" executed="True" />
                  <test-case description="Script C:\Github\DudDashboard\Output\DudDashboard\Template\_Footer.ps1 should be valid powershell" name="General project validation: DudDashboard.Script C:\Github\DudDashboard\Output\DudDashboard\Template\_Footer.ps1 should be valid powershell" time="0.1526" asserts="0" success="True" result="Success" executed="True" />
                  <test-case description="Script C:\Github\DudDashboard\Output\DudDashboard\Template\_Login.ps1 should be valid powershell" name="General project validation: DudDashboard.Script C:\Github\DudDashboard\Output\DudDashboard\Template\_Login.ps1 should be valid powershell" time="0.1485" asserts="0" success="True" result="Success" executed="True" />
                  <test-case description="Script C:\Github\DudDashboard\Output\DudDashboard\Template\_Navigation.ps1 should be valid powershell" name="General project validation: DudDashboard.Script C:\Github\DudDashboard\Output\DudDashboard\Template\_Navigation.ps1 should be valid powershell" time="0.1451" asserts="0" success="True" result="Success" executed="True" />
                  <test-case description="Script C:\Github\DudDashboard\Output\DudDashboard\Types\DashboardAction.ps1 should be valid powershell" name="General project validation: DudDashboard.Script C:\Github\DudDashboard\Output\DudDashboard\Types\DashboardAction.ps1 should be valid powershell" time="0.1545" asserts="0" success="True" result="Success" executed="True" />
                  <test-case description="Script C:\Github\DudDashboard\Output\DudDashboard\DudDashboard.psd1 should be valid powershell" name="General project validation: DudDashboard.Script C:\Github\DudDashboard\Output\DudDashboard\DudDashboard.psd1 should be valid powershell" time="0.1659" asserts="0" success="True" result="Success" executed="True" />
                  <test-case description="Script C:\Github\DudDashboard\Output\DudDashboard\DudDashboard.psm1 should be valid powershell" name="General project validation: DudDashboard.Script C:\Github\DudDashboard\Output\DudDashboard\DudDashboard.psm1 should be valid powershell" time="0.2143" asserts="0" success="False" result="Failure" executed="True">
                    <failure>
                      <message>Expected 0, but got 1.</message>
                      <stack-trace>at &lt;ScriptBlock&gt;, C:\Github\DudDashboard\Tests\DUDDashboard.tests.ps1: line 18
18:         $errors.Count | Should Be 0</stack-trace>
                    </failure>
                  </test-case>
                  <test-case description="Script C:\Github\DudDashboard\Public\New-DUdDashboard.ps1 should be valid powershell" name="General project validation: DudDashboard.Script C:\Github\DudDashboard\Public\New-DUdDashboard.ps1 should be valid powershell" time="0.1464" asserts="0" success="True" result="Success" executed="True" />
                  <test-case description="Script C:\Github\DudDashboard\Public\New-DUDHotreloaderWatchPath.ps1 should be valid powershell" name="General project validation: DudDashboard.Script C:\Github\DudDashboard\Public\New-DUDHotreloaderWatchPath.ps1 should be valid powershell" time="0.1431" asserts="0" success="True" result="Success" executed="True" />
                  <test-case description="Script C:\Github\DudDashboard\Public\New-DUDHotreloaderWatchPathItem.ps1 should be valid powershell" name="General project validation: DudDashboard.Script C:\Github\DudDashboard\Public\New-DUDHotreloaderWatchPathItem.ps1 should be valid powershell" time="0.1513" asserts="0" success="True" result="Success" executed="True" />
                  <test-case description="Script C:\Github\DudDashboard\Public\Publish-DudDashboard.ps1 should be valid powershell" name="General project validation: DudDashboard.Script C:\Github\DudDashboard\Public\Publish-DudDashboard.ps1 should be valid powershell" time="0.1411" asserts="0" success="True" result="Success" executed="True" />
                  <test-case description="Script C:\Github\DudDashboard\Public\Set-DUDSettingsCache.ps1 should be valid powershell" name="General project validation: DudDashboard.Script C:\Github\DudDashboard\Public\Set-DUDSettingsCache.ps1 should be valid powershell" time="0.1518" asserts="0" success="True" result="Success" executed="True" />
                  <test-case description="Script C:\Github\DudDashboard\Public\Start-DUDDashboard.ps1 should be valid powershell" name="General project validation: DudDashboard.Script C:\Github\DudDashboard\Public\Start-DUDDashboard.ps1 should be valid powershell" time="0.1557" asserts="0" success="True" result="Success" executed="True" />
                  <test-case description="Script C:\Github\DudDashboard\Public\Start-DUDHotReloader.ps1 should be valid powershell" name="General project validation: DudDashboard.Script C:\Github\DudDashboard\Public\Start-DUDHotReloader.ps1 should be valid powershell" time="0.148" asserts="0" success="True" result="Success" executed="True" />
                  <test-case description="Script C:\Github\DudDashboard\Template\Data\Demo\Home.ps1 should be valid powershell" name="General project validation: DudDashboard.Script C:\Github\DudDashboard\Template\Data\Demo\Home.ps1 should be valid powershell" time="0.1558" asserts="0" success="True" result="Success" executed="True" />
                  <test-case description="Script C:\Github\DudDashboard\Template\Data\Main\Home.ps1 should be valid powershell" name="General project validation: DudDashboard.Script C:\Github\DudDashboard\Template\Data\Main\Home.ps1 should be valid powershell" time="0.171" asserts="0" success="True" result="Success" executed="True" />
                  <test-case description="Script C:\Github\DudDashboard\Template\Endpoints\Welcome.ps1 should be valid powershell" name="General project validation: DudDashboard.Script C:\Github\DudDashboard\Template\Endpoints\Welcome.ps1 should be valid powershell" time="0.1599" asserts="0" success="True" result="Success" executed="True" />
                  <test-case description="Script C:\Github\DudDashboard\Template\Functions\New-UDElementExample.ps1 should be valid powershell" name="General project validation: DudDashboard.Script C:\Github\DudDashboard\Template\Functions\New-UDElementExample.ps1 should be valid powershell" time="0.1439" asserts="0" success="True" result="Success" executed="True" />
                  <test-case description="Script C:\Github\DudDashboard\Template\Pages\0. Home.ps1 should be valid powershell" name="General project validation: DudDashboard.Script C:\Github\DudDashboard\Template\Pages\0. Home.ps1 should be valid powershell" time="0.1413" asserts="0" success="True" result="Success" executed="True" />
                  <test-case description="Script C:\Github\DudDashboard\Template\Pages\Doc_Params.ps1 should be valid powershell" name="General project validation: DudDashboard.Script C:\Github\DudDashboard\Template\Pages\Doc_Params.ps1 should be valid powershell" time="0.1434" asserts="0" success="True" result="Success" executed="True" />
                  <test-case description="Script C:\Github\DudDashboard\Template\root\dashboard.ps1 should be valid powershell" name="General project validation: DudDashboard.Script C:\Github\DudDashboard\Template\root\dashboard.ps1 should be valid powershell" time="0.151" asserts="0" success="True" result="Success" executed="True" />
                  <test-case description="Script C:\Github\DudDashboard\Template\root\Start-Watch.ps1 should be valid powershell" name="General project validation: DudDashboard.Script C:\Github\DudDashboard\Template\root\Start-Watch.ps1 should be valid powershell" time="0.1442" asserts="0" success="True" result="Success" executed="True" />
                  <test-case description="Script C:\Github\DudDashboard\Template\root.ps1 should be valid powershell" name="General project validation: DudDashboard.Script C:\Github\DudDashboard\Template\root.ps1 should be valid powershell" time="0.1466" asserts="0" success="True" result="Success" executed="True" />
                  <test-case description="Script C:\Github\DudDashboard\Template\Theme.ps1 should be valid powershell" name="General project validation: DudDashboard.Script C:\Github\DudDashboard\Template\Theme.ps1 should be valid powershell" time="0.1412" asserts="0" success="True" result="Success" executed="True" />
                  <test-case description="Script C:\Github\DudDashboard\Template\_Footer.ps1 should be valid powershell" name="General project validation: DudDashboard.Script C:\Github\DudDashboard\Template\_Footer.ps1 should be valid powershell" time="0.1431" asserts="0" success="True" result="Success" executed="True" />
                  <test-case description="Script C:\Github\DudDashboard\Template\_Login.ps1 should be valid powershell" name="General project validation: DudDashboard.Script C:\Github\DudDashboard\Template\_Login.ps1 should be valid powershell" time="0.1423" asserts="0" success="True" result="Success" executed="True" />
                  <test-case description="Script C:\Github\DudDashboard\Template\_Navigation.ps1 should be valid powershell" name="General project validation: DudDashboard.Script C:\Github\DudDashboard\Template\_Navigation.ps1 should be valid powershell" time="0.1409" asserts="0" success="True" result="Success" executed="True" />
                  <test-case description="Script C:\Github\DudDashboard\Tests\DUDDashboard.tests.ps1 should be valid powershell" name="General project validation: DudDashboard.Script C:\Github\DudDashboard\Tests\DUDDashboard.tests.ps1 should be valid powershell" time="0.1487" asserts="0" success="True" result="Success" executed="True" />
                  <test-case description="Script C:\Github\DudDashboard\Types\DashboardAction.ps1 should be valid powershell" name="General project validation: DudDashboard.Script C:\Github\DudDashboard\Types\DashboardAction.ps1 should be valid powershell" time="0.1529" asserts="0" success="True" result="Success" executed="True" />
                  <test-case description="Script C:\Github\DudDashboard\DUDDashboard.build.ps1 should be valid powershell" name="General project validation: DudDashboard.Script C:\Github\DudDashboard\DUDDashboard.build.ps1 should be valid powershell" time="0.1524" asserts="0" success="True" result="Success" executed="True" />
                  <test-case description="Script C:\Github\DudDashboard\DUDDashboard.psd1 should be valid powershell" name="General project validation: DudDashboard.Script C:\Github\DudDashboard\DUDDashboard.psd1 should be valid powershell" time="0.1445" asserts="0" success="True" result="Success" executed="True" />
                  <test-case description="Script C:\Github\DudDashboard\DUDDashboard.psm1 should be valid powershell" name="General project validation: DudDashboard.Script C:\Github\DudDashboard\DUDDashboard.psm1 should be valid powershell" time="0.1443" asserts="0" success="True" result="Success" executed="True" />
                  <test-case description="Script C:\Github\DudDashboard\Invoke-Build.ps1 should be valid powershell" name="General project validation: DudDashboard.Script C:\Github\DudDashboard\Invoke-Build.ps1 should be valid powershell" time="0.1435" asserts="0" success="True" result="Success" executed="True" />
                  <test-case description="Script C:\Github\DudDashboard\Publish.ps1 should be valid powershell" name="General project validation: DudDashboard.Script C:\Github\DudDashboard\Publish.ps1 should be valid powershell" time="0.1472" asserts="0" success="True" result="Success" executed="True" />
                  <test-case description="Script C:\Github\DudDashboard\scratchpad.ps1 should be valid powershell" name="General project validation: DudDashboard.Script C:\Github\DudDashboard\scratchpad.ps1 should be valid powershell" time="0.1932" asserts="0" success="True" result="Success" executed="True" />
                </results>
              </test-suite>
            </results>
          </test-suite>
        </results>
      </test-suite>
    </results>
  </test-suite>
</test-results>